#
# A fatal error has been detected by the Java Runtime Environment:
#
#  EXCEPTION_ACCESS_VIOLATION (0xc0000005) at pc=0x000002b617ff0010, pid=12252, tid=1028
#
# JRE version: OpenJDK Runtime Environment Corretto-21.0.3.9.1 (21.0.3+9) (build 21.0.3+9-LTS)
# Java VM: OpenJDK 64-Bit Server VM Corretto-21.0.3.9.1 (21.0.3+9-LTS, mixed mode, sharing, tiered, compressed oops, compressed class ptrs, g1 gc, windows-amd64)
# Problematic frame:
# C  0x000002b617ff0010
#
# No core dump will be written. Minidumps are not enabled by default on client versions of Windows
#
# If you would like to submit a bug report, please visit:
#   https://github.com/corretto/corretto-21/issues/
# The crash happened outside the Java Virtual Machine in native code.
# See problematic frame for where to report the bug.
#

---------------  S U M M A R Y ------------

Command Line: -Dfile.encoding=windows-1251 -Duser.country=RU -Duser.language=ru -Duser.variant com.mygdx.trlgproject.DesktopLauncher

Host: Intel(R) Core(TM) i3-7100 CPU @ 3.90GHz, 4 cores, 7G,  Windows 10 , 64 bit Build 19041 (10.0.19041.3636)
Time: Sun Jun  9 06:18:14 2024 RTZ 2 (s 10 , 64 bit Build 19041 (10.0.19041.3636) elapsed time: 8.747072 seconds (0d 0h 0m 8s)

---------------  T H R E A D  ---------------

Current thread (0x000002b66d9e78e0):  JavaThread "Thread-2"         [_thread_in_native, id=1028, stack(0x000000f868600000,0x000000f868700000) (1024K)]

Stack: [0x000000f868600000,0x000000f868700000],  sp=0x000000f8686feb78,  free space=1018k
Native frames: (J=compiled Java code, j=interpreted, Vv=VM code, C=native code)
C  0x000002b617ff0010

Java frames: (J=compiled Java code, j=interpreted, Vv=VM code)
j  org.lwjgl.system.JNI.invokePI(JJ)I+0
j  org.lwjgl.glfw.GLFW.glfwWindowShouldClose(J)Z+17
j  com.badlogic.gdx.backends.lwjgl3.Lwjgl3Window.shouldClose()Z+4
j  com.badlogic.gdx.backends.lwjgl3.Lwjgl3Application.loop()V+132
j  com.badlogic.gdx.backends.lwjgl3.Lwjgl3Application.<init>(Lcom/badlogic/gdx/ApplicationListener;Lcom/badlogic/gdx/backends/lwjgl3/Lwjgl3ApplicationConfiguration;)V+269
j  com.mygdx.trlgproject.DesktopLauncher$1$1.run()V+36
j  java.lang.Thread.runWith(Ljava/lang/Object;Ljava/lang/Runnable;)V+5 java.base@21.0.3
j  java.lang.Thread.run()V+19 java.base@21.0.3
v  ~StubRoutines::call_stub 0x000002b60fb4100d

siginfo: EXCEPTION_ACCESS_VIOLATION (0xc0000005), writing address 0x0000000000010001


Registers:
RAX=0x000002b617ff0010, RBX=0x0000000000010001, RCX=0x0000000000010001, RDX=0x000000f8686febb0
RSP=0x000000f8686feb78, RBP=0x000000f8686fec80, RSI=0x0000000000000110, RDI=0x0000000000000f97
R8 =0x000002b665d08a10, R9 =0x00007ffb95e980c0, R10=0x000002b60fb4ce1c, R11=0x000000f8686fefe8
R12=0x0000000000000000, R13=0x000002b6597d0608, R14=0x000000f8686ff0e0, R15=0x000002b66d9e78e0
RIP=0x000002b617ff0010, EFLAGS=0x0000000000010202


Register to memory mapping:

RAX=0x000002b617ff0010 points into unknown readable memory: 0x00007ffb96200b00 | 00 0b 20 96 fb 7f 00 00
RBX=0x0000000000010001 is an unknown value
RCX=0x0000000000010001 is an unknown value
RDX=0x000000f8686febb0 is pointing into the stack for thread: 0x000002b66d9e78e0
RSP=0x000000f8686feb78 is pointing into the stack for thread: 0x000002b66d9e78e0
RBP=0x000000f8686fec80 is pointing into the stack for thread: 0x000002b66d9e78e0
RSI=0x0000000000000110 is an unknown value
RDI=0x0000000000000f97 is an unknown value
R8 =0x000002b665d08a10 points into unknown readable memory: 0x000002b665d07e40 | 40 7e d0 65 b6 02 00 00
R9 =0x00007ffb95e980c0 glfw.dll
R10=0x000002b60fb4ce1c is at code_begin+1020 in an Interpreter codelet
native method entry point (kind = native)  [0x000002b60fb4ca20, 0x000002b60fb4d548]  2856 bytes
R11=0x000000f8686fefe8 is pointing into the stack for thread: 0x000002b66d9e78e0
R12=0x0 is null
R13={method} {0x000002b6597d0610} 'invokePI' '(JJ)I' in 'org/lwjgl/system/JNI'
R14=0x000000f8686ff0e0 is pointing into the stack for thread: 0x000002b66d9e78e0
R15=0x000002b66d9e78e0 is a thread

Top of Stack: (sp=0x000000f8686feb78)
0x000000f8686feb78:   00007ffb95e922dc 000002b6657e2201
0x000000f8686feb88:   00007ffbf5d62228 000002b600000001
0x000000f8686feb98:   0000000000000000 000000f8686ff098
0x000000f8686feba8:   000000f8686fec10 57464c4720656854
0x000000f8686febb8:   7972617262696c20 20746f6e20736920
0x000000f8686febc8:   696c616974696e69 000000000064657a
0x000000f8686febd8:   000000f8686feda0 0000000000000001
0x000000f8686febe8:   000000f8686fed98 0000000000000000
0x000000f8686febf8:   000002b6657f86b0 00007ffbf371a068
0x000000f8686fec08:   00007ffbf5d60571 00007ffbc33c00e8
0x000000f8686fec18:   0000000000000000 000002b6657e2260
0x000000f8686fec28:   000000f8686fed10 004c004c0044002e
0x000000f8686fec38:   00007ffbf5d60000 0000000000000000
0x000000f8686fec48:   000002b6657f86b0 00007ffbf371a068
0x000000f8686fec58:   000002b6765fea00 000002b6657f86b0
0x000000f8686fec68:   000002b6765a0000 000002b6765a02a8
0x000000f8686fec78:   000000f8686fee50 0000000000000000
0x000000f8686fec88:   0000000000000000 0000000000000000
0x000000f8686fec98:   0000000000000000 000002b6657e2260
0x000000f8686feca8:   0000000000000000 0000000000000000
0x000000f8686fecb8:   0000000000000000 0000000000000000
0x000000f8686fecc8:   0000000000000000 0000000000000000
0x000000f8686fecd8:   0000000000000000 0000000000000000
0x000000f8686fece8:   0000000000000000 0000000000000000
0x000000f8686fecf8:   0000000000000000 00001793532e6e60
0x000000f8686fed08:   000002b6765fea00 00000002657f86b0
0x000000f8686fed18:   0000000000000009 00007ffbf371a068
0x000000f8686fed28:   00007ffbf5d634f1 0000000000000000
0x000000f8686fed38:   0000000000000000 000002b6657f86b0
0x000000f8686fed48:   000002b6765fea00 0000000000000000
0x000000f8686fed58:   00007ffbf5d602c9 00007ffbf36aa471
0x000000f8686fed68:   000000f8686fee60 000002b6657f86b0 

Instructions: (pc=0x000002b617ff0010)
0x000002b617feff10:   ?? ?? ?? ?? ?? ?? ?? ?? ?? ?? ?? ?? ?? ?? ?? ??
0x000002b617feff20:   ?? ?? ?? ?? ?? ?? ?? ?? ?? ?? ?? ?? ?? ?? ?? ??
0x000002b617feff30:   ?? ?? ?? ?? ?? ?? ?? ?? ?? ?? ?? ?? ?? ?? ?? ??
0x000002b617feff40:   ?? ?? ?? ?? ?? ?? ?? ?? ?? ?? ?? ?? ?? ?? ?? ??
0x000002b617feff50:   ?? ?? ?? ?? ?? ?? ?? ?? ?? ?? ?? ?? ?? ?? ?? ??
0x000002b617feff60:   ?? ?? ?? ?? ?? ?? ?? ?? ?? ?? ?? ?? ?? ?? ?? ??
0x000002b617feff70:   ?? ?? ?? ?? ?? ?? ?? ?? ?? ?? ?? ?? ?? ?? ?? ??
0x000002b617feff80:   ?? ?? ?? ?? ?? ?? ?? ?? ?? ?? ?? ?? ?? ?? ?? ??
0x000002b617feff90:   ?? ?? ?? ?? ?? ?? ?? ?? ?? ?? ?? ?? ?? ?? ?? ??
0x000002b617feffa0:   ?? ?? ?? ?? ?? ?? ?? ?? ?? ?? ?? ?? ?? ?? ?? ??
0x000002b617feffb0:   ?? ?? ?? ?? ?? ?? ?? ?? ?? ?? ?? ?? ?? ?? ?? ??
0x000002b617feffc0:   ?? ?? ?? ?? ?? ?? ?? ?? ?? ?? ?? ?? ?? ?? ?? ??
0x000002b617feffd0:   ?? ?? ?? ?? ?? ?? ?? ?? ?? ?? ?? ?? ?? ?? ?? ??
0x000002b617feffe0:   ?? ?? ?? ?? ?? ?? ?? ?? ?? ?? ?? ?? ?? ?? ?? ??
0x000002b617fefff0:   ?? ?? ?? ?? ?? ?? ?? ?? ?? ?? ?? ?? ?? ?? ?? ??
0x000002b617ff0000:   00 00 00 00 00 00 00 00 41 00 00 00 00 00 00 00
0x000002b617ff0010:   00 0b 20 96 fb 7f 00 00 e0 0b 20 96 fb 7f 00 00
0x000002b617ff0020:   00 0f 1f 80 00 00 00 00 68 54 1b 96 fb 7f 00 00
0x000002b617ff0030:   00 00 0f 6e b6 02 00 00 c0 12 19 96 fb 7f 00 00
0x000002b617ff0040:   40 00 00 00 00 00 00 00 42 00 00 00 00 00 00 00
0x000002b617ff0050:   f3 0f 1e fa 4c 8d 15 f5 ff ff ff ff 25 07 00 00
0x000002b617ff0060:   00 0f 1f 80 00 00 00 00 68 54 1b 96 fb 7f 00 00
0x000002b617ff0070:   20 00 0f 6e b6 02 00 00 c0 12 19 96 fb 7f 00 00
0x000002b617ff0080:   22 c4 c5 65 b6 02 00 00 43 00 00 00 00 00 00 00
0x000002b617ff0090:   f3 0f 1e fa 4c 8d 15 f5 ff ff ff ff 25 07 00 00
0x000002b617ff00a0:   00 0f 1f 80 00 00 00 00 68 54 1b 96 fb 7f 00 00
0x000002b617ff00b0:   40 00 0f 6e b6 02 00 00 c0 12 19 96 fb 7f 00 00
0x000002b617ff00c0:   2a c4 c5 65 b6 02 00 00 43 00 00 00 00 00 00 00
0x000002b617ff00d0:   f3 0f 1e fa 4c 8d 15 f5 ff ff ff ff 25 07 00 00
0x000002b617ff00e0:   00 0f 1f 80 00 00 00 00 68 54 1b 96 fb 7f 00 00
0x000002b617ff00f0:   60 00 0f 6e b6 02 00 00 c0 12 19 96 fb 7f 00 00
0x000002b617ff0100:   32 c4 c5 65 b6 02 00 00 43 00 00 00 00 00 00 00 


Stack slot to memory mapping:

stack at sp + 0 slots: 0x00007ffb95e922dc glfw.dll
stack at sp + 1 slots: 0x000002b6657e2201 points into unknown readable memory: 04 6f 05 e5 00 01 04
stack at sp + 2 slots: 0x00007ffbf5d62228 ntdll.dll
stack at sp + 3 slots: 0x000002b600000001 points into unknown readable memory: da fe ca 00 00 01 00
stack at sp + 4 slots: 0x0 is null
stack at sp + 5 slots: 0x000000f8686ff098 is pointing into the stack for thread: 0x000002b66d9e78e0
stack at sp + 6 slots: 0x000000f8686fec10 is pointing into the stack for thread: 0x000002b66d9e78e0
stack at sp + 7 slots: 0x57464c4720656854 is an unknown value


---------------  P R O C E S S  ---------------

Threads class SMR info:
_java_thread_list=0x000002b6710169f0, length=20, elements={
0x000002b67d4687d0, 0x000002b67d46b700, 0x000002b67d470850, 0x000002b67d4733c0,
0x000002b67d473e20, 0x000002b67d474880, 0x000002b67d481b30, 0x000002b67d4845e0,
0x000002b617828ce0, 0x000002b61782baf0, 0x000002b6657fce40, 0x000002b665808140,
0x000002b6658087b0, 0x000002b665c42850, 0x000002b676624bc0, 0x000002b617860ff0,
0x000002b66d9e78e0, 0x000002b66d9e6530, 0x000002b66d9e9320, 0x000002b66d9e6bc0
}

Java Threads: ( => current thread )
  0x000002b67d4687d0 JavaThread "Reference Handler"          daemon [_thread_blocked, id=492, stack(0x000000f866700000,0x000000f866800000) (1024K)]
  0x000002b67d46b700 JavaThread "Finalizer"                  daemon [_thread_blocked, id=1908, stack(0x000000f866800000,0x000000f866900000) (1024K)]
  0x000002b67d470850 JavaThread "Signal Dispatcher"          daemon [_thread_blocked, id=10840, stack(0x000000f866900000,0x000000f866a00000) (1024K)]
  0x000002b67d4733c0 JavaThread "Attach Listener"            daemon [_thread_blocked, id=10336, stack(0x000000f866a00000,0x000000f866b00000) (1024K)]
  0x000002b67d473e20 JavaThread "Service Thread"             daemon [_thread_blocked, id=9724, stack(0x000000f866b00000,0x000000f866c00000) (1024K)]
  0x000002b67d474880 JavaThread "Monitor Deflation Thread"   daemon [_thread_blocked, id=9020, stack(0x000000f866c00000,0x000000f866d00000) (1024K)]
  0x000002b67d481b30 JavaThread "C2 CompilerThread0"         daemon [_thread_blocked, id=8156, stack(0x000000f866d00000,0x000000f866e00000) (1024K)]
  0x000002b67d4845e0 JavaThread "C1 CompilerThread0"         daemon [_thread_blocked, id=12016, stack(0x000000f866e00000,0x000000f866f00000) (1024K)]
  0x000002b617828ce0 JavaThread "Notification Thread"        daemon [_thread_blocked, id=428, stack(0x000000f866f00000,0x000000f867000000) (1024K)]
  0x000002b61782baf0 JavaThread "Common-Cleaner"             daemon [_thread_blocked, id=1184, stack(0x000000f867000000,0x000000f867100000) (1024K)]
  0x000002b6657fce40 JavaThread "Java2D Disposer"            daemon [_thread_blocked, id=11508, stack(0x000000f867100000,0x000000f867200000) (1024K)]
  0x000002b665808140 JavaThread "AWT-Shutdown"                      [_thread_blocked, id=500, stack(0x000000f867200000,0x000000f867300000) (1024K)]
  0x000002b6658087b0 JavaThread "AWT-Windows"                daemon [_thread_in_native, id=7992, stack(0x000000f867300000,0x000000f867400000) (1024K)]
  0x000002b665c42850 JavaThread "AWT-EventQueue-0"                  [_thread_blocked, id=3252, stack(0x000000f867600000,0x000000f867700000) (1024K)]
  0x000002b676624bc0 JavaThread "DestroyJavaVM"                     [_thread_blocked, id=5696, stack(0x000000f865f00000,0x000000f866000000) (1024K)]
  0x000002b617860ff0 JavaThread "D3D Screen Updater"         daemon [_thread_blocked, id=8568, stack(0x000000f867700000,0x000000f867800000) (1024K)]
=>0x000002b66d9e78e0 JavaThread "Thread-2"                          [_thread_in_native, id=1028, stack(0x000000f868600000,0x000000f868700000) (1024K)]
  0x000002b66d9e6530 JavaThread "Thread-3"                   daemon [_thread_blocked, id=3820, stack(0x000000f868900000,0x000000f868a00000) (1024K)]
  0x000002b66d9e9320 JavaThread "Thread-4"                          [_thread_in_native, id=11824, stack(0x000000f868b00000,0x000000f868c00000) (1024K)]
  0x000002b66d9e6bc0 JavaThread "Thread-5"                   daemon [_thread_blocked, id=4084, stack(0x000000f868e00000,0x000000f868f00000) (1024K)]
Total: 20

Other Threads:
  0x000002b67d446d80 VMThread "VM Thread"                           [id=11888, stack(0x000000f866600000,0x000000f866700000) (1024K)]
  0x000002b67d430a50 WatcherThread "VM Periodic Task Thread"        [id=3372, stack(0x000000f866500000,0x000000f866600000) (1024K)]
  0x000002b67874bc70 WorkerThread "GC Thread#0"                     [id=3904, stack(0x000000f866000000,0x000000f866100000) (1024K)]
  0x000002b66d299550 WorkerThread "GC Thread#1"                     [id=6600, stack(0x000000f867c00000,0x000000f867d00000) (1024K)]
  0x000002b66d2998f0 WorkerThread "GC Thread#2"                     [id=9836, stack(0x000000f867d00000,0x000000f867e00000) (1024K)]
  0x000002b66d299c90 WorkerThread "GC Thread#3"                     [id=5140, stack(0x000000f867e00000,0x000000f867f00000) (1024K)]
  0x000002b67875cd00 ConcurrentGCThread "G1 Main Marker"            [id=10576, stack(0x000000f866100000,0x000000f866200000) (1024K)]
  0x000002b67875dfa0 WorkerThread "G1 Conc#0"                       [id=7140, stack(0x000000f866200000,0x000000f866300000) (1024K)]
  0x000002b6787be790 ConcurrentGCThread "G1 Refine#0"               [id=508, stack(0x000000f866300000,0x000000f866400000) (1024K)]
  0x000002b67d2f4730 ConcurrentGCThread "G1 Service"                [id=10376, stack(0x000000f866400000,0x000000f866500000) (1024K)]
Total: 10

Threads with active compile tasks:
Total: 0

VM state: not at safepoint (normal execution)

VM Mutex/Monitor currently owned by a thread: None

Heap address: 0x0000000080800000, size: 2040 MB, Compressed Oops mode: 32-bit

CDS archive(s) mapped at: [0x000002b618000000-0x000002b618c90000-0x000002b618c90000), size 13172736, SharedBaseAddress: 0x000002b618000000, ArchiveRelocationMode: 1.
Compressed class space mapped at: 0x000002b619000000-0x000002b659000000, reserved size: 1073741824
Narrow klass base: 0x000002b618000000, Narrow klass shift: 0, Narrow klass range: 0x100000000

GC Precious Log:
 CardTable entry size: 512
 Card Set container configuration: InlinePtr #cards 5 size 8 Array Of Cards #cards 12 size 40 Howl #buckets 4 coarsen threshold 1843 Howl Bitmap #cards 512 size 80 coarsen threshold 460 Card regions per heap region 1 cards per card region 2048
 CPUs: 4 total, 4 available
 Memory: 8156M
 Large Page Support: Disabled
 NUMA Support: Disabled
 Compressed Oops: Enabled (32-bit)
 Heap Region Size: 1M
 Heap Min Capacity: 8M
 Heap Initial Capacity: 128M
 Heap Max Capacity: 2040M
 Pre-touch: Disabled
 Parallel Workers: 4
 Concurrent Workers: 1
 Concurrent Refinement Workers: 4
 Periodic GC: Disabled

Heap:
 garbage-first heap   total 131072K, used 12039K [0x0000000080800000, 0x0000000100000000)
  region size 1024K, 13 young (13312K), 2 survivors (2048K)
 Metaspace       used 12216K, committed 12544K, reserved 1114112K
  class space    used 1125K, committed 1280K, reserved 1048576K

Heap Regions: E=young(eden), S=young(survivor), O=old, HS=humongous(starts), HC=humongous(continues), CS=collection set, F=free, TAMS=top-at-mark-start, PB=parsable bottom
|   0|0x0000000080800000, 0x00000000808c1f00, 0x0000000080900000| 75%| O|  |TAMS 0x0000000080800000| PB 0x0000000080800000| Untracked 
|   1|0x0000000080900000, 0x0000000080900000, 0x0000000080a00000|  0%| F|  |TAMS 0x0000000080900000| PB 0x0000000080900000| Untracked 
|   2|0x0000000080a00000, 0x0000000080a00000, 0x0000000080b00000|  0%| F|  |TAMS 0x0000000080a00000| PB 0x0000000080a00000| Untracked 
|   3|0x0000000080b00000, 0x0000000080b00000, 0x0000000080c00000|  0%| F|  |TAMS 0x0000000080b00000| PB 0x0000000080b00000| Untracked 
|   4|0x0000000080c00000, 0x0000000080c00000, 0x0000000080d00000|  0%| F|  |TAMS 0x0000000080c00000| PB 0x0000000080c00000| Untracked 
|   5|0x0000000080d00000, 0x0000000080d00000, 0x0000000080e00000|  0%| F|  |TAMS 0x0000000080d00000| PB 0x0000000080d00000| Untracked 
|   6|0x0000000080e00000, 0x0000000080e00000, 0x0000000080f00000|  0%| F|  |TAMS 0x0000000080e00000| PB 0x0000000080e00000| Untracked 
|   7|0x0000000080f00000, 0x0000000080f00000, 0x0000000081000000|  0%| F|  |TAMS 0x0000000080f00000| PB 0x0000000080f00000| Untracked 
|   8|0x0000000081000000, 0x0000000081000000, 0x0000000081100000|  0%| F|  |TAMS 0x0000000081000000| PB 0x0000000081000000| Untracked 
|   9|0x0000000081100000, 0x0000000081100000, 0x0000000081200000|  0%| F|  |TAMS 0x0000000081100000| PB 0x0000000081100000| Untracked 
|  10|0x0000000081200000, 0x0000000081200000, 0x0000000081300000|  0%| F|  |TAMS 0x0000000081200000| PB 0x0000000081200000| Untracked 
|  11|0x0000000081300000, 0x0000000081300000, 0x0000000081400000|  0%| F|  |TAMS 0x0000000081300000| PB 0x0000000081300000| Untracked 
|  12|0x0000000081400000, 0x0000000081400000, 0x0000000081500000|  0%| F|  |TAMS 0x0000000081400000| PB 0x0000000081400000| Untracked 
|  13|0x0000000081500000, 0x0000000081500000, 0x0000000081600000|  0%| F|  |TAMS 0x0000000081500000| PB 0x0000000081500000| Untracked 
|  14|0x0000000081600000, 0x0000000081600000, 0x0000000081700000|  0%| F|  |TAMS 0x0000000081600000| PB 0x0000000081600000| Untracked 
|  15|0x0000000081700000, 0x0000000081700000, 0x0000000081800000|  0%| F|  |TAMS 0x0000000081700000| PB 0x0000000081700000| Untracked 
|  16|0x0000000081800000, 0x0000000081800000, 0x0000000081900000|  0%| F|  |TAMS 0x0000000081800000| PB 0x0000000081800000| Untracked 
|  17|0x0000000081900000, 0x0000000081900000, 0x0000000081a00000|  0%| F|  |TAMS 0x0000000081900000| PB 0x0000000081900000| Untracked 
|  18|0x0000000081a00000, 0x0000000081a00000, 0x0000000081b00000|  0%| F|  |TAMS 0x0000000081a00000| PB 0x0000000081a00000| Untracked 
|  19|0x0000000081b00000, 0x0000000081b00000, 0x0000000081c00000|  0%| F|  |TAMS 0x0000000081b00000| PB 0x0000000081b00000| Untracked 
|  20|0x0000000081c00000, 0x0000000081c00000, 0x0000000081d00000|  0%| F|  |TAMS 0x0000000081c00000| PB 0x0000000081c00000| Untracked 
|  21|0x0000000081d00000, 0x0000000081d00000, 0x0000000081e00000|  0%| F|  |TAMS 0x0000000081d00000| PB 0x0000000081d00000| Untracked 
|  22|0x0000000081e00000, 0x0000000081e00000, 0x0000000081f00000|  0%| F|  |TAMS 0x0000000081e00000| PB 0x0000000081e00000| Untracked 
|  23|0x0000000081f00000, 0x0000000081f00000, 0x0000000082000000|  0%| F|  |TAMS 0x0000000081f00000| PB 0x0000000081f00000| Untracked 
|  24|0x0000000082000000, 0x0000000082000000, 0x0000000082100000|  0%| F|  |TAMS 0x0000000082000000| PB 0x0000000082000000| Untracked 
|  25|0x0000000082100000, 0x0000000082100000, 0x0000000082200000|  0%| F|  |TAMS 0x0000000082100000| PB 0x0000000082100000| Untracked 
|  26|0x0000000082200000, 0x0000000082200000, 0x0000000082300000|  0%| F|  |TAMS 0x0000000082200000| PB 0x0000000082200000| Untracked 
|  27|0x0000000082300000, 0x0000000082300000, 0x0000000082400000|  0%| F|  |TAMS 0x0000000082300000| PB 0x0000000082300000| Untracked 
|  28|0x0000000082400000, 0x0000000082400000, 0x0000000082500000|  0%| F|  |TAMS 0x0000000082400000| PB 0x0000000082400000| Untracked 
|  29|0x0000000082500000, 0x0000000082500000, 0x0000000082600000|  0%| F|  |TAMS 0x0000000082500000| PB 0x0000000082500000| Untracked 
|  30|0x0000000082600000, 0x0000000082600000, 0x0000000082700000|  0%| F|  |TAMS 0x0000000082600000| PB 0x0000000082600000| Untracked 
|  31|0x0000000082700000, 0x0000000082700000, 0x0000000082800000|  0%| F|  |TAMS 0x0000000082700000| PB 0x0000000082700000| Untracked 
|  32|0x0000000082800000, 0x0000000082800000, 0x0000000082900000|  0%| F|  |TAMS 0x0000000082800000| PB 0x0000000082800000| Untracked 
|  33|0x0000000082900000, 0x0000000082900000, 0x0000000082a00000|  0%| F|  |TAMS 0x0000000082900000| PB 0x0000000082900000| Untracked 
|  34|0x0000000082a00000, 0x0000000082a00000, 0x0000000082b00000|  0%| F|  |TAMS 0x0000000082a00000| PB 0x0000000082a00000| Untracked 
|  35|0x0000000082b00000, 0x0000000082b00000, 0x0000000082c00000|  0%| F|  |TAMS 0x0000000082b00000| PB 0x0000000082b00000| Untracked 
|  36|0x0000000082c00000, 0x0000000082c00000, 0x0000000082d00000|  0%| F|  |TAMS 0x0000000082c00000| PB 0x0000000082c00000| Untracked 
|  37|0x0000000082d00000, 0x0000000082d00000, 0x0000000082e00000|  0%| F|  |TAMS 0x0000000082d00000| PB 0x0000000082d00000| Untracked 
|  38|0x0000000082e00000, 0x0000000082e00000, 0x0000000082f00000|  0%| F|  |TAMS 0x0000000082e00000| PB 0x0000000082e00000| Untracked 
|  39|0x0000000082f00000, 0x0000000082f00000, 0x0000000083000000|  0%| F|  |TAMS 0x0000000082f00000| PB 0x0000000082f00000| Untracked 
|  40|0x0000000083000000, 0x0000000083000000, 0x0000000083100000|  0%| F|  |TAMS 0x0000000083000000| PB 0x0000000083000000| Untracked 
|  41|0x0000000083100000, 0x0000000083100000, 0x0000000083200000|  0%| F|  |TAMS 0x0000000083100000| PB 0x0000000083100000| Untracked 
|  42|0x0000000083200000, 0x0000000083200000, 0x0000000083300000|  0%| F|  |TAMS 0x0000000083200000| PB 0x0000000083200000| Untracked 
|  43|0x0000000083300000, 0x0000000083300000, 0x0000000083400000|  0%| F|  |TAMS 0x0000000083300000| PB 0x0000000083300000| Untracked 
|  44|0x0000000083400000, 0x0000000083400000, 0x0000000083500000|  0%| F|  |TAMS 0x0000000083400000| PB 0x0000000083400000| Untracked 
|  45|0x0000000083500000, 0x0000000083500000, 0x0000000083600000|  0%| F|  |TAMS 0x0000000083500000| PB 0x0000000083500000| Untracked 
|  46|0x0000000083600000, 0x0000000083600000, 0x0000000083700000|  0%| F|  |TAMS 0x0000000083600000| PB 0x0000000083600000| Untracked 
|  47|0x0000000083700000, 0x0000000083700000, 0x0000000083800000|  0%| F|  |TAMS 0x0000000083700000| PB 0x0000000083700000| Untracked 
|  48|0x0000000083800000, 0x0000000083800000, 0x0000000083900000|  0%| F|  |TAMS 0x0000000083800000| PB 0x0000000083800000| Untracked 
|  49|0x0000000083900000, 0x0000000083900000, 0x0000000083a00000|  0%| F|  |TAMS 0x0000000083900000| PB 0x0000000083900000| Untracked 
|  50|0x0000000083a00000, 0x0000000083a00000, 0x0000000083b00000|  0%| F|  |TAMS 0x0000000083a00000| PB 0x0000000083a00000| Untracked 
|  51|0x0000000083b00000, 0x0000000083b00000, 0x0000000083c00000|  0%| F|  |TAMS 0x0000000083b00000| PB 0x0000000083b00000| Untracked 
|  52|0x0000000083c00000, 0x0000000083c00000, 0x0000000083d00000|  0%| F|  |TAMS 0x0000000083c00000| PB 0x0000000083c00000| Untracked 
|  53|0x0000000083d00000, 0x0000000083d00000, 0x0000000083e00000|  0%| F|  |TAMS 0x0000000083d00000| PB 0x0000000083d00000| Untracked 
|  54|0x0000000083e00000, 0x0000000083e00000, 0x0000000083f00000|  0%| F|  |TAMS 0x0000000083e00000| PB 0x0000000083e00000| Untracked 
|  55|0x0000000083f00000, 0x0000000083f00000, 0x0000000084000000|  0%| F|  |TAMS 0x0000000083f00000| PB 0x0000000083f00000| Untracked 
|  56|0x0000000084000000, 0x0000000084000000, 0x0000000084100000|  0%| F|  |TAMS 0x0000000084000000| PB 0x0000000084000000| Untracked 
|  57|0x0000000084100000, 0x0000000084100000, 0x0000000084200000|  0%| F|  |TAMS 0x0000000084100000| PB 0x0000000084100000| Untracked 
|  58|0x0000000084200000, 0x0000000084200000, 0x0000000084300000|  0%| F|  |TAMS 0x0000000084200000| PB 0x0000000084200000| Untracked 
|  59|0x0000000084300000, 0x0000000084300000, 0x0000000084400000|  0%| F|  |TAMS 0x0000000084300000| PB 0x0000000084300000| Untracked 
|  60|0x0000000084400000, 0x0000000084400000, 0x0000000084500000|  0%| F|  |TAMS 0x0000000084400000| PB 0x0000000084400000| Untracked 
|  61|0x0000000084500000, 0x0000000084500000, 0x0000000084600000|  0%| F|  |TAMS 0x0000000084500000| PB 0x0000000084500000| Untracked 
|  62|0x0000000084600000, 0x0000000084600000, 0x0000000084700000|  0%| F|  |TAMS 0x0000000084600000| PB 0x0000000084600000| Untracked 
|  63|0x0000000084700000, 0x0000000084700000, 0x0000000084800000|  0%| F|  |TAMS 0x0000000084700000| PB 0x0000000084700000| Untracked 
|  64|0x0000000084800000, 0x0000000084800000, 0x0000000084900000|  0%| F|  |TAMS 0x0000000084800000| PB 0x0000000084800000| Untracked 
|  65|0x0000000084900000, 0x0000000084900000, 0x0000000084a00000|  0%| F|  |TAMS 0x0000000084900000| PB 0x0000000084900000| Untracked 
|  66|0x0000000084a00000, 0x0000000084a00000, 0x0000000084b00000|  0%| F|  |TAMS 0x0000000084a00000| PB 0x0000000084a00000| Untracked 
|  67|0x0000000084b00000, 0x0000000084b00000, 0x0000000084c00000|  0%| F|  |TAMS 0x0000000084b00000| PB 0x0000000084b00000| Untracked 
|  68|0x0000000084c00000, 0x0000000084c00000, 0x0000000084d00000|  0%| F|  |TAMS 0x0000000084c00000| PB 0x0000000084c00000| Untracked 
|  69|0x0000000084d00000, 0x0000000084d00000, 0x0000000084e00000|  0%| F|  |TAMS 0x0000000084d00000| PB 0x0000000084d00000| Untracked 
|  70|0x0000000084e00000, 0x0000000084e00000, 0x0000000084f00000|  0%| F|  |TAMS 0x0000000084e00000| PB 0x0000000084e00000| Untracked 
|  71|0x0000000084f00000, 0x0000000084f00000, 0x0000000085000000|  0%| F|  |TAMS 0x0000000084f00000| PB 0x0000000084f00000| Untracked 
|  72|0x0000000085000000, 0x0000000085000000, 0x0000000085100000|  0%| F|  |TAMS 0x0000000085000000| PB 0x0000000085000000| Untracked 
|  73|0x0000000085100000, 0x0000000085100000, 0x0000000085200000|  0%| F|  |TAMS 0x0000000085100000| PB 0x0000000085100000| Untracked 
|  74|0x0000000085200000, 0x0000000085200000, 0x0000000085300000|  0%| F|  |TAMS 0x0000000085200000| PB 0x0000000085200000| Untracked 
|  75|0x0000000085300000, 0x0000000085300000, 0x0000000085400000|  0%| F|  |TAMS 0x0000000085300000| PB 0x0000000085300000| Untracked 
|  76|0x0000000085400000, 0x0000000085400000, 0x0000000085500000|  0%| F|  |TAMS 0x0000000085400000| PB 0x0000000085400000| Untracked 
|  77|0x0000000085500000, 0x0000000085500000, 0x0000000085600000|  0%| F|  |TAMS 0x0000000085500000| PB 0x0000000085500000| Untracked 
|  78|0x0000000085600000, 0x0000000085600000, 0x0000000085700000|  0%| F|  |TAMS 0x0000000085600000| PB 0x0000000085600000| Untracked 
|  79|0x0000000085700000, 0x0000000085700000, 0x0000000085800000|  0%| F|  |TAMS 0x0000000085700000| PB 0x0000000085700000| Untracked 
|  80|0x0000000085800000, 0x0000000085800000, 0x0000000085900000|  0%| F|  |TAMS 0x0000000085800000| PB 0x0000000085800000| Untracked 
|  81|0x0000000085900000, 0x0000000085900000, 0x0000000085a00000|  0%| F|  |TAMS 0x0000000085900000| PB 0x0000000085900000| Untracked 
|  82|0x0000000085a00000, 0x0000000085a00000, 0x0000000085b00000|  0%| F|  |TAMS 0x0000000085a00000| PB 0x0000000085a00000| Untracked 
|  83|0x0000000085b00000, 0x0000000085b00000, 0x0000000085c00000|  0%| F|  |TAMS 0x0000000085b00000| PB 0x0000000085b00000| Untracked 
|  84|0x0000000085c00000, 0x0000000085c00000, 0x0000000085d00000|  0%| F|  |TAMS 0x0000000085c00000| PB 0x0000000085c00000| Untracked 
|  85|0x0000000085d00000, 0x0000000085d00000, 0x0000000085e00000|  0%| F|  |TAMS 0x0000000085d00000| PB 0x0000000085d00000| Untracked 
|  86|0x0000000085e00000, 0x0000000085e00000, 0x0000000085f00000|  0%| F|  |TAMS 0x0000000085e00000| PB 0x0000000085e00000| Untracked 
|  87|0x0000000085f00000, 0x0000000085f00000, 0x0000000086000000|  0%| F|  |TAMS 0x0000000085f00000| PB 0x0000000085f00000| Untracked 
|  88|0x0000000086000000, 0x0000000086000000, 0x0000000086100000|  0%| F|  |TAMS 0x0000000086000000| PB 0x0000000086000000| Untracked 
|  89|0x0000000086100000, 0x0000000086100000, 0x0000000086200000|  0%| F|  |TAMS 0x0000000086100000| PB 0x0000000086100000| Untracked 
|  90|0x0000000086200000, 0x0000000086200000, 0x0000000086300000|  0%| F|  |TAMS 0x0000000086200000| PB 0x0000000086200000| Untracked 
|  91|0x0000000086300000, 0x0000000086300000, 0x0000000086400000|  0%| F|  |TAMS 0x0000000086300000| PB 0x0000000086300000| Untracked 
|  92|0x0000000086400000, 0x0000000086400000, 0x0000000086500000|  0%| F|  |TAMS 0x0000000086400000| PB 0x0000000086400000| Untracked 
|  93|0x0000000086500000, 0x0000000086500000, 0x0000000086600000|  0%| F|  |TAMS 0x0000000086500000| PB 0x0000000086500000| Untracked 
|  94|0x0000000086600000, 0x0000000086600000, 0x0000000086700000|  0%| F|  |TAMS 0x0000000086600000| PB 0x0000000086600000| Untracked 
|  95|0x0000000086700000, 0x0000000086700000, 0x0000000086800000|  0%| F|  |TAMS 0x0000000086700000| PB 0x0000000086700000| Untracked 
|  96|0x0000000086800000, 0x0000000086800000, 0x0000000086900000|  0%| F|  |TAMS 0x0000000086800000| PB 0x0000000086800000| Untracked 
|  97|0x0000000086900000, 0x0000000086900000, 0x0000000086a00000|  0%| F|  |TAMS 0x0000000086900000| PB 0x0000000086900000| Untracked 
|  98|0x0000000086a00000, 0x0000000086a00000, 0x0000000086b00000|  0%| F|  |TAMS 0x0000000086a00000| PB 0x0000000086a00000| Untracked 
|  99|0x0000000086b00000, 0x0000000086b00000, 0x0000000086c00000|  0%| F|  |TAMS 0x0000000086b00000| PB 0x0000000086b00000| Untracked 
| 100|0x0000000086c00000, 0x0000000086c00000, 0x0000000086d00000|  0%| F|  |TAMS 0x0000000086c00000| PB 0x0000000086c00000| Untracked 
| 101|0x0000000086d00000, 0x0000000086d00000, 0x0000000086e00000|  0%| F|  |TAMS 0x0000000086d00000| PB 0x0000000086d00000| Untracked 
| 102|0x0000000086e00000, 0x0000000086e00000, 0x0000000086f00000|  0%| F|  |TAMS 0x0000000086e00000| PB 0x0000000086e00000| Untracked 
| 103|0x0000000086f00000, 0x0000000086f00000, 0x0000000087000000|  0%| F|  |TAMS 0x0000000086f00000| PB 0x0000000086f00000| Untracked 
| 104|0x0000000087000000, 0x0000000087000000, 0x0000000087100000|  0%| F|  |TAMS 0x0000000087000000| PB 0x0000000087000000| Untracked 
| 105|0x0000000087100000, 0x0000000087100000, 0x0000000087200000|  0%| F|  |TAMS 0x0000000087100000| PB 0x0000000087100000| Untracked 
| 106|0x0000000087200000, 0x0000000087200000, 0x0000000087300000|  0%| F|  |TAMS 0x0000000087200000| PB 0x0000000087200000| Untracked 
| 107|0x0000000087300000, 0x0000000087300000, 0x0000000087400000|  0%| F|  |TAMS 0x0000000087300000| PB 0x0000000087300000| Untracked 
| 108|0x0000000087400000, 0x0000000087400000, 0x0000000087500000|  0%| F|  |TAMS 0x0000000087400000| PB 0x0000000087400000| Untracked 
| 109|0x0000000087500000, 0x0000000087500000, 0x0000000087600000|  0%| F|  |TAMS 0x0000000087500000| PB 0x0000000087500000| Untracked 
| 110|0x0000000087600000, 0x0000000087600000, 0x0000000087700000|  0%| F|  |TAMS 0x0000000087600000| PB 0x0000000087600000| Untracked 
| 111|0x0000000087700000, 0x0000000087700000, 0x0000000087800000|  0%| F|  |TAMS 0x0000000087700000| PB 0x0000000087700000| Untracked 
| 112|0x0000000087800000, 0x0000000087800000, 0x0000000087900000|  0%| F|  |TAMS 0x0000000087800000| PB 0x0000000087800000| Untracked 
| 113|0x0000000087900000, 0x0000000087a00000, 0x0000000087a00000|100%| S|CS|TAMS 0x0000000087900000| PB 0x0000000087900000| Complete 
| 114|0x0000000087a00000, 0x0000000087b00000, 0x0000000087b00000|100%| S|CS|TAMS 0x0000000087a00000| PB 0x0000000087a00000| Complete 
| 115|0x0000000087b00000, 0x0000000087b00000, 0x0000000087c00000|  0%| F|  |TAMS 0x0000000087b00000| PB 0x0000000087b00000| Untracked 
| 116|0x0000000087c00000, 0x0000000087c00000, 0x0000000087d00000|  0%| F|  |TAMS 0x0000000087c00000| PB 0x0000000087c00000| Untracked 
| 117|0x0000000087d00000, 0x0000000087d804c0, 0x0000000087e00000| 50%| E|  |TAMS 0x0000000087d00000| PB 0x0000000087d00000| Complete 
| 118|0x0000000087e00000, 0x0000000087f00000, 0x0000000087f00000|100%| E|CS|TAMS 0x0000000087e00000| PB 0x0000000087e00000| Complete 
| 119|0x0000000087f00000, 0x0000000088000000, 0x0000000088000000|100%| E|CS|TAMS 0x0000000087f00000| PB 0x0000000087f00000| Complete 
| 120|0x0000000088000000, 0x0000000088100000, 0x0000000088100000|100%| E|  |TAMS 0x0000000088000000| PB 0x0000000088000000| Complete 
| 121|0x0000000088100000, 0x0000000088200000, 0x0000000088200000|100%| E|CS|TAMS 0x0000000088100000| PB 0x0000000088100000| Complete 
| 122|0x0000000088200000, 0x0000000088300000, 0x0000000088300000|100%| E|CS|TAMS 0x0000000088200000| PB 0x0000000088200000| Complete 
| 123|0x0000000088300000, 0x0000000088400000, 0x0000000088400000|100%| E|CS|TAMS 0x0000000088300000| PB 0x0000000088300000| Complete 
| 124|0x0000000088400000, 0x0000000088500000, 0x0000000088500000|100%| E|CS|TAMS 0x0000000088400000| PB 0x0000000088400000| Complete 
| 125|0x0000000088500000, 0x0000000088600000, 0x0000000088600000|100%| E|CS|TAMS 0x0000000088500000| PB 0x0000000088500000| Complete 
| 126|0x0000000088600000, 0x0000000088700000, 0x0000000088700000|100%| E|CS|TAMS 0x0000000088600000| PB 0x0000000088600000| Complete 
| 127|0x0000000088700000, 0x0000000088800000, 0x0000000088800000|100%| E|CS|TAMS 0x0000000088700000| PB 0x0000000088700000| Complete 

Card table byte_map: [0x000002b678bc0000,0x000002b678fc0000] _byte_map_base: 0x000002b6787bc000

Marking Bits: (CMBitMap*) 0x000002b67874c370
 Bits: [0x000002b678fc0000, 0x000002b67afa0000)

Polling page: 0x000002b677ec0000

Metaspace:

Usage:
  Non-class:     10.83 MB used.
      Class:      1.10 MB used.
       Both:     11.93 MB used.

Virtual space:
  Non-class space:       64.00 MB reserved,      11.00 MB ( 17%) committed,  1 nodes.
      Class space:        1.00 GB reserved,       1.25 MB ( <1%) committed,  1 nodes.
             Both:        1.06 GB reserved,      12.25 MB (  1%) committed. 

Chunk freelists:
   Non-Class:  4.34 MB
       Class:  14.59 MB
        Both:  18.94 MB

MaxMetaspaceSize: unlimited
CompressedClassSpaceSize: 1.00 GB
Initial GC threshold: 21.00 MB
Current GC threshold: 21.00 MB
CDS: on
 - commit_granule_bytes: 65536.
 - commit_granule_words: 8192.
 - virtual_space_node_default_size: 8388608.
 - enlarge_chunks_in_place: 1.
 - use_allocation_guard: 0.


Internal statistics:

num_allocs_failed_limit: 0.
num_arena_births: 226.
num_arena_deaths: 0.
num_vsnodes_births: 2.
num_vsnodes_deaths: 0.
num_space_committed: 194.
num_space_uncommitted: 0.
num_chunks_returned_to_freelist: 0.
num_chunks_taken_from_freelist: 425.
num_chunk_merges: 0.
num_chunk_splits: 286.
num_chunks_enlarged: 181.
num_inconsistent_stats: 0.

CodeHeap 'non-profiled nmethods': size=120000Kb used=618Kb max_used=618Kb free=119381Kb
 bounds [0x000002b6100e0000, 0x000002b610350000, 0x000002b617610000]
CodeHeap 'profiled nmethods': size=120000Kb used=3062Kb max_used=3062Kb free=116937Kb
 bounds [0x000002b608610000, 0x000002b608910000, 0x000002b60fb40000]
CodeHeap 'non-nmethods': size=5760Kb used=2319Kb max_used=2361Kb free=3440Kb
 bounds [0x000002b60fb40000, 0x000002b60fdb0000, 0x000002b6100e0000]
 total_blobs=3026 nmethods=1780 adapters=1151
 compilation: enabled
              stopped_count=0, restarted_count=0
 full_count=0

Compilation events (20 events):
Event: 8.311 Thread 0x000002b67d4845e0 1771       1       com.badlogic.gdx.backends.lwjgl3.Lwjgl3Graphics::isContinuousRendering (5 bytes)
Event: 8.312 Thread 0x000002b67d4845e0 nmethod 1771 0x000002b610176e10 code [0x000002b610176fa0, 0x000002b610177070]
Event: 8.428 Thread 0x000002b67d4845e0 1772       3       com.badlogic.gdx.graphics.Mesh::render (324 bytes)
Event: 8.429 Thread 0x000002b67d481b30 1773       4       java.nio.Buffer::limit (65 bytes)
Event: 8.430 Thread 0x000002b67d481b30 nmethod 1773 0x000002b610177110 code [0x000002b6101772a0, 0x000002b6101773c8]
Event: 8.430 Thread 0x000002b67d4845e0 nmethod 1772 0x000002b608908d10 code [0x000002b6089091a0, 0x000002b60890af58]
Event: 8.446 Thread 0x000002b67d481b30 1774       4       com.mygdx.trlgproject.MainClass::renderObjectsLayer (71 bytes)
Event: 8.477 Thread 0x000002b67d481b30 nmethod 1774 0x000002b610177490 code [0x000002b610177720, 0x000002b610178508]
Event: 8.529 Thread 0x000002b67d481b30 1775 %     4       com.badlogic.gdx.maps.tiled.renderers.OrthogonalTiledMapRenderer::renderTileLayer @ 275 (1023 bytes)
Event: 8.529 Thread 0x000002b67d4845e0 1776       3       org.lwjgl.opengl.GL11C::glDrawElements (16 bytes)
Event: 8.530 Thread 0x000002b67d4845e0 nmethod 1776 0x000002b60890bb10 code [0x000002b60890bd00, 0x000002b60890c088]
Event: 8.546 Thread 0x000002b67d4845e0 1778       3       com.badlogic.gdx.backends.lwjgl3.Lwjgl3GL20::ensureBufferCapacity (49 bytes)
Event: 8.546 Thread 0x000002b67d4845e0 nmethod 1778 0x000002b60890c210 code [0x000002b60890c420, 0x000002b60890ca60]
Event: 8.546 Thread 0x000002b67d4845e0 1777       3       com.badlogic.gdx.backends.lwjgl3.Lwjgl3GL20::glUniformMatrix4fv (17 bytes)
Event: 8.546 Thread 0x000002b67d4845e0 nmethod 1777 0x000002b60890cc10 code [0x000002b60890cde0, 0x000002b60890cfd0]
Event: 8.546 Thread 0x000002b67d4845e0 1779       3       com.badlogic.gdx.graphics.g2d.SpriteBatch::switchTexture (32 bytes)
Event: 8.547 Thread 0x000002b67d4845e0 nmethod 1779 0x000002b60890d110 code [0x000002b60890d300, 0x000002b60890d650]
Event: 8.547 Thread 0x000002b67d4845e0 1780       3       java.util.concurrent.ConcurrentHashMap$ValueIterator::<init> (12 bytes)
Event: 8.547 Thread 0x000002b67d4845e0 nmethod 1780 0x000002b60890d810 code [0x000002b60890d9c0, 0x000002b60890daf8]
Event: 8.575 Thread 0x000002b67d481b30 nmethod 1775% 0x000002b610178e10 code [0x000002b610179020, 0x000002b610179e58]

GC Heap History (2 events):
Event: 2.941 GC heap before
{Heap before GC invocations=0 (full 0):
 garbage-first heap   total 131072K, used 13312K [0x0000000080800000, 0x0000000100000000)
  region size 1024K, 13 young (13312K), 0 survivors (0K)
 Metaspace       used 9275K, committed 9536K, reserved 1114112K
  class space    used 952K, committed 1088K, reserved 1048576K
}
Event: 2.946 GC heap after
{Heap after GC invocations=1 (full 0):
 garbage-first heap   total 131072K, used 2823K [0x0000000080800000, 0x0000000100000000)
  region size 1024K, 2 young (2048K), 2 survivors (2048K)
 Metaspace       used 9275K, committed 9536K, reserved 1114112K
  class space    used 952K, committed 1088K, reserved 1048576K
}

Dll operation events (12 events):
Event: 0.012 Loaded shared library C:\Users\Александр\.jdks\corretto-21.0.3\bin\java.dll
Event: 0.046 Loaded shared library C:\Users\Александр\.jdks\corretto-21.0.3\bin\jsvml.dll
Event: 0.109 Loaded shared library C:\Users\Александр\.jdks\corretto-21.0.3\bin\jimage.dll
Event: 0.111 Loaded shared library C:\Users\Александр\.jdks\corretto-21.0.3\bin\net.dll
Event: 0.113 Loaded shared library C:\Users\Александр\.jdks\corretto-21.0.3\bin\nio.dll
Event: 0.143 Loaded shared library C:\Users\Александр\.jdks\corretto-21.0.3\bin\zip.dll
Event: 0.216 Loaded shared library C:\Users\Александр\.jdks\corretto-21.0.3\bin\awt.dll
Event: 0.483 Loaded shared library C:\Users\Александр\.jdks\corretto-21.0.3\bin\freetype.dll
Event: 0.484 Loaded shared library C:\Users\Александр\.jdks\corretto-21.0.3\bin\fontmanager.dll
Event: 1.616 Loaded shared library C:\Users\Александр\AppData\Local\Temp\libgdxAlex\2a9d7f76\gdx64.dll
Event: 1.961 Loaded shared library C:\Users\Александр\AppData\Local\Temp\lwjgl_Alex\3.3.3+5\x64\lwjgl.dll
Event: 6.090 Loaded shared library C:\Users\Александр\AppData\Local\Temp\lwjgl_Alex\3.3.3+5\x64\lwjgl_opengl.dll

Deoptimization events (20 events):
Event: 6.516 Thread 0x000002b66d9e78e0 Uncommon trap: trap_request=0xffffffbe fr.pc=0x000002b61014c734 relative=0x00000000000002f4
Event: 6.516 Thread 0x000002b66d9e78e0 Uncommon trap: reason=profile_predicate action=maybe_recompile pc=0x000002b61014c734 method=java.io.WinNTFileSystem.normalize(Ljava/lang/String;)Ljava/lang/String; @ 25 c2
Event: 6.516 Thread 0x000002b66d9e78e0 DEOPT PACKING pc=0x000002b61014c734 sp=0x000000f8686fa8c0
Event: 6.516 Thread 0x000002b66d9e78e0 DEOPT UNPACKING pc=0x000002b60fb946a2 sp=0x000000f8686fa838 mode 2
Event: 7.510 Thread 0x000002b66d9e78e0 Uncommon trap: trap_request=0xffffffde fr.pc=0x000002b610161d44 relative=0x00000000000002e4
Event: 7.510 Thread 0x000002b66d9e78e0 Uncommon trap: reason=class_check action=maybe_recompile pc=0x000002b610161d44 method=com.badlogic.gdx.utils.ObjectMap.place(Ljava/lang/Object;)I @ 1 c2
Event: 7.510 Thread 0x000002b66d9e78e0 DEOPT PACKING pc=0x000002b610161d44 sp=0x000000f8686febd0
Event: 7.510 Thread 0x000002b66d9e78e0 DEOPT UNPACKING pc=0x000002b60fb946a2 sp=0x000000f8686feaf0 mode 2
Event: 7.511 Thread 0x000002b66d9e78e0 Uncommon trap: trap_request=0xffffffde fr.pc=0x000002b610161d44 relative=0x00000000000002e4
Event: 7.511 Thread 0x000002b66d9e78e0 Uncommon trap: reason=class_check action=maybe_recompile pc=0x000002b610161d44 method=com.badlogic.gdx.utils.ObjectMap.place(Ljava/lang/Object;)I @ 1 c2
Event: 7.511 Thread 0x000002b66d9e78e0 DEOPT PACKING pc=0x000002b610161d44 sp=0x000000f8686febb0
Event: 7.511 Thread 0x000002b66d9e78e0 DEOPT UNPACKING pc=0x000002b60fb946a2 sp=0x000000f8686fead0 mode 2
Event: 7.520 Thread 0x000002b66d0f03a0 Uncommon trap: trap_request=0xffffffde fr.pc=0x000002b610161d44 relative=0x00000000000002e4
Event: 7.520 Thread 0x000002b66d0f03a0 Uncommon trap: reason=class_check action=maybe_recompile pc=0x000002b610161d44 method=com.badlogic.gdx.utils.ObjectMap.place(Ljava/lang/Object;)I @ 1 c2
Event: 7.521 Thread 0x000002b66d0f03a0 DEOPT PACKING pc=0x000002b610161d44 sp=0x000000f8678fec60
Event: 7.521 Thread 0x000002b66d0f03a0 DEOPT UNPACKING pc=0x000002b60fb946a2 sp=0x000000f8678feb80 mode 2
Event: 7.521 Thread 0x000002b66d0f03a0 Uncommon trap: trap_request=0xffffffde fr.pc=0x000002b610161d44 relative=0x00000000000002e4
Event: 7.521 Thread 0x000002b66d0f03a0 Uncommon trap: reason=class_check action=maybe_recompile pc=0x000002b610161d44 method=com.badlogic.gdx.utils.ObjectMap.place(Ljava/lang/Object;)I @ 1 c2
Event: 7.521 Thread 0x000002b66d0f03a0 DEOPT PACKING pc=0x000002b610161d44 sp=0x000000f8678fec40
Event: 7.521 Thread 0x000002b66d0f03a0 DEOPT UNPACKING pc=0x000002b60fb946a2 sp=0x000000f8678feb60 mode 2

Classes loaded (20 events):
Event: 7.233 Loading class java/io/InputStreamReader
Event: 7.233 Loading class java/io/InputStreamReader done
Event: 7.376 Loading class java/util/zip/GZIPInputStream
Event: 7.376 Loading class java/util/zip/GZIPInputStream done
Event: 7.389 Loading class java/lang/StringIndexOutOfBoundsException
Event: 7.389 Loading class java/lang/StringIndexOutOfBoundsException done
Event: 7.389 Loading class java/lang/ArrayIndexOutOfBoundsException
Event: 7.389 Loading class java/lang/ArrayIndexOutOfBoundsException done
Event: 7.389 Loading class java/lang/NegativeArraySizeException
Event: 7.406 Loading class java/lang/NegativeArraySizeException done
Event: 7.406 Loading class sun/nio/cs/StreamDecoder
Event: 7.407 Loading class sun/nio/cs/StreamDecoder done
Event: 7.501 Loading class java/lang/SecurityException
Event: 7.501 Loading class java/lang/SecurityException done
Event: 8.638 Loading class java/lang/Throwable$WrappedPrintStream
Event: 8.638 Loading class java/lang/Throwable$PrintStreamOrWriter
Event: 8.638 Loading class java/lang/Throwable$PrintStreamOrWriter done
Event: 8.638 Loading class java/lang/Throwable$WrappedPrintStream done
Event: 8.638 Loading class java/lang/StackTraceElement$HashedModules
Event: 8.638 Loading class java/lang/StackTraceElement$HashedModules done

Classes unloaded (0 events):
No events

Classes redefined (0 events):
No events

Internal exceptions (20 events):
Event: 2.132 Thread 0x000002b66d0f03a0 Exception <a 'java/lang/NoSuchMethodError'{0x0000000087df3898}: 'java.lang.Object java.lang.invoke.DirectMethodHandle$Holder.newInvokeSpecial(java.lang.Object, java.lang.Object, int)'> (0x0000000087df3898) 
thrown [s\src\hotspot\share\interpreter\linkResolver.cpp, line 773]
Event: 2.135 Thread 0x000002b66d0f03a0 Exception <a 'java/lang/NoSuchMethodError'{0x0000000087c05538}: 'int java.lang.invoke.DirectMethodHandle$Holder.invokeStaticInit(java.lang.Object, java.lang.Object, long, long)'> (0x0000000087c05538) 
thrown [s\src\hotspot\share\interpreter\linkResolver.cpp, line 773]
Event: 2.135 Thread 0x000002b66d0f03a0 Exception <a 'java/lang/NoSuchMethodError'{0x0000000087c0aa18}: 'java.lang.Object java.lang.invoke.DirectMethodHandle$Holder.newInvokeSpecial(java.lang.Object, java.lang.Object, long)'> (0x0000000087c0aa18) 
thrown [s\src\hotspot\share\interpreter\linkResolver.cpp, line 773]
Event: 2.136 Thread 0x000002b66d0f03a0 Exception <a 'java/lang/NoSuchMethodError'{0x0000000087c0e060}: 'java.lang.Object java.lang.invoke.Invokers$Holder.linkToTargetMethod(java.lang.Object, long, java.lang.Object)'> (0x0000000087c0e060) 
thrown [s\src\hotspot\share\interpreter\linkResolver.cpp, line 773]
Event: 2.136 Thread 0x000002b66d0f03a0 Exception <a 'java/lang/NoSuchMethodError'{0x0000000087c14ff0}: 'int java.lang.invoke.DirectMethodHandle$Holder.invokeStaticInit(java.lang.Object, java.lang.Object, java.lang.Object, long)'> (0x0000000087c14ff0) 
thrown [s\src\hotspot\share\interpreter\linkResolver.cpp, line 773]
Event: 2.273 Thread 0x000002b66d0f03a0 Exception <a 'sun/nio/fs/WindowsException'{0x0000000087ca0e80}> (0x0000000087ca0e80) 
thrown [s\src\hotspot\share\prims\jni.cpp, line 520]
Event: 2.273 Thread 0x000002b66d0f03a0 Exception <a 'sun/nio/fs/WindowsException'{0x0000000087ca1210}> (0x0000000087ca1210) 
thrown [s\src\hotspot\share\prims\jni.cpp, line 520]
Event: 2.285 Thread 0x000002b66d0f03a0 Implicit null exception at 0x000002b61012d624 to 0x000002b61012dfd0
Event: 2.443 Thread 0x000002b66d0f03a0 Exception <a 'sun/nio/fs/WindowsException'{0x0000000087b50ea0}> (0x0000000087b50ea0) 
thrown [s\src\hotspot\share\prims\jni.cpp, line 520]
Event: 2.444 Thread 0x000002b66d0f03a0 Exception <a 'sun/nio/fs/WindowsException'{0x0000000087b51200}> (0x0000000087b51200) 
thrown [s\src\hotspot\share\prims\jni.cpp, line 520]
Event: 2.882 Thread 0x000002b66d0f03a0 Exception <a 'sun/nio/fs/WindowsException'{0x0000000087be0a70}> (0x0000000087be0a70) 
thrown [s\src\hotspot\share\prims\jni.cpp, line 520]
Event: 2.883 Thread 0x000002b66d0f03a0 Exception <a 'sun/nio/fs/WindowsException'{0x0000000087be0df0}> (0x0000000087be0df0) 
thrown [s\src\hotspot\share\prims\jni.cpp, line 520]
Event: 3.235 Thread 0x000002b66d0f03a0 Exception <a 'java/lang/NoSuchMethodError'{0x00000000887267d0}: 'java.lang.Object java.lang.invoke.DirectMethodHandle$Holder.newInvokeSpecial(java.lang.Object, long)'> (0x00000000887267d0) 
thrown [s\src\hotspot\share\interpreter\linkResolver.cpp, line 773]
Event: 5.984 Thread 0x000002b66d0f03a0 Exception <a 'java/lang/NoSuchMethodError'{0x0000000088522218}: 'void java.lang.System.load(java.lang.String, java.lang.Class)'> (0x0000000088522218) 
thrown [s\src\hotspot\share\interpreter\linkResolver.cpp, line 773]
Event: 5.985 Thread 0x000002b66d0f03a0 Exception <a 'java/lang/NoSuchMethodError'{0x0000000088524c10}: 'void java.lang.System.loadLibrary(java.lang.String, java.lang.Class)'> (0x0000000088524c10) 
thrown [s\src\hotspot\share\interpreter\linkResolver.cpp, line 773]
Event: 6.088 Thread 0x000002b66d0f03a0 Exception <a 'sun/nio/fs/WindowsException'{0x00000000885380f0}> (0x00000000885380f0) 
thrown [s\src\hotspot\share\prims\jni.cpp, line 520]
Event: 6.088 Thread 0x000002b66d0f03a0 Exception <a 'sun/nio/fs/WindowsException'{0x0000000088538490}> (0x0000000088538490) 
thrown [s\src\hotspot\share\prims\jni.cpp, line 520]
Event: 6.098 Thread 0x000002b66d0f03a0 Exception <a 'sun/nio/fs/WindowsException'{0x0000000088546348}> (0x0000000088546348) 
thrown [s\src\hotspot\share\prims\jni.cpp, line 520]
Event: 6.098 Thread 0x000002b66d0f03a0 Exception <a 'sun/nio/fs/WindowsException'{0x0000000088546618}> (0x0000000088546618) 
thrown [s\src\hotspot\share\prims\jni.cpp, line 520]
Event: 8.547 Thread 0x000002b66d9e5ea0 Exception <a 'java/lang/InterruptedException'{0x000000008865ecd8}: sleep interrupted> (0x000000008865ecd8) 
thrown [s\src\hotspot\share\prims\jvm.cpp, line 3074]

ZGC Phase Switch (0 events):
No events

VM Operations (20 events):
Event: 0.238 Executing VM operation: HandshakeAllThreads (Deoptimize)
Event: 0.238 Executing VM operation: HandshakeAllThreads (Deoptimize) done
Event: 0.458 Executing VM operation: HandshakeAllThreads (Deoptimize)
Event: 0.458 Executing VM operation: HandshakeAllThreads (Deoptimize) done
Event: 1.463 Executing VM operation: Cleanup
Event: 1.463 Executing VM operation: Cleanup done
Event: 1.530 Executing VM operation: HandshakeAllThreads (Deoptimize)
Event: 1.530 Executing VM operation: HandshakeAllThreads (Deoptimize) done
Event: 2.066 Executing VM operation: HandshakeAllThreads (Deoptimize)
Event: 2.066 Executing VM operation: HandshakeAllThreads (Deoptimize) done
Event: 2.941 Executing VM operation: G1CollectForAllocation (G1 Evacuation Pause)
Event: 2.946 Executing VM operation: G1CollectForAllocation (G1 Evacuation Pause) done
Event: 3.959 Executing VM operation: Cleanup
Event: 3.959 Executing VM operation: Cleanup done
Event: 5.978 Executing VM operation: Cleanup
Event: 5.979 Executing VM operation: Cleanup done
Event: 6.988 Executing VM operation: Cleanup
Event: 6.988 Executing VM operation: Cleanup done
Event: 8.003 Executing VM operation: Cleanup
Event: 8.003 Executing VM operation: Cleanup done

Events (20 events):
Event: 0.044 Thread 0x000002b67d4845e0 Thread added: 0x000002b67d4845e0
Event: 0.092 Thread 0x000002b617828ce0 Thread added: 0x000002b617828ce0
Event: 0.094 Thread 0x000002b61782baf0 Thread added: 0x000002b61782baf0
Event: 0.267 Thread 0x000002b6657fce40 Thread added: 0x000002b6657fce40
Event: 0.268 Thread 0x000002b665808140 Thread added: 0x000002b665808140
Event: 0.269 Thread 0x000002b6658087b0 Thread added: 0x000002b6658087b0
Event: 0.468 Thread 0x000002b665c42850 Thread added: 0x000002b665c42850
Event: 0.523 Thread 0x000002b676624bc0 Thread exited: 0x000002b676624bc0
Event: 0.523 Thread 0x000002b676624bc0 Thread added: 0x000002b676624bc0
Event: 0.533 Thread 0x000002b617860ff0 Thread added: 0x000002b617860ff0
Event: 1.369 Thread 0x000002b66d0f03a0 Thread added: 0x000002b66d0f03a0
Event: 3.268 Thread 0x000002b66d9e5ea0 Thread added: 0x000002b66d9e5ea0
Event: 6.279 Thread 0x000002b66d9e78e0 Thread added: 0x000002b66d9e78e0
Event: 6.314 Thread 0x000002b66d9e6530 Thread added: 0x000002b66d9e6530
Event: 6.711 Thread 0x000002b66d9e9320 Thread added: 0x000002b66d9e9320
Event: 6.774 Thread 0x000002b66d9e6bc0 Thread added: 0x000002b66d9e6bc0
Event: 7.451 Thread 0x000002b671216780 Thread added: 0x000002b671216780
Event: 7.779 Thread 0x000002b671216780 Thread exited: 0x000002b671216780
Event: 8.547 Thread 0x000002b66d9e5ea0 Thread exited: 0x000002b66d9e5ea0
Event: 8.639 Thread 0x000002b66d0f03a0 Thread exited: 0x000002b66d0f03a0


Dynamic libraries:
0x00007ff61c5b0000 - 0x00007ff61c5be000 	C:\Users\Александр\.jdks\corretto-21.0.3\bin\java.exe
0x00007ffbf5d30000 - 0x00007ffbf5f28000 	C:\WINDOWS\SYSTEM32\ntdll.dll
0x00007ffbf5200000 - 0x00007ffbf52bd000 	C:\WINDOWS\System32\KERNEL32.DLL
0x00007ffbf3760000 - 0x00007ffbf3a56000 	C:\WINDOWS\System32\KERNELBASE.dll
0x00007ffbf3cf0000 - 0x00007ffbf3df0000 	C:\WINDOWS\System32\ucrtbase.dll
0x00007ffbeec60000 - 0x00007ffbeec7b000 	C:\Users\Александр\.jdks\corretto-21.0.3\bin\VCRUNTIME140.dll
0x00007ffbeedc0000 - 0x00007ffbeedd8000 	C:\Users\Александр\.jdks\corretto-21.0.3\bin\jli.dll
0x00007ffbf47a0000 - 0x00007ffbf493f000 	C:\WINDOWS\System32\USER32.dll
0x00007ffbde090000 - 0x00007ffbde32a000 	C:\WINDOWS\WinSxS\amd64_microsoft.windows.common-controls_6595b64144ccf1df_6.0.19041.4355_none_60b8b9eb71f62e16\COMCTL32.dll
0x00007ffbf3c70000 - 0x00007ffbf3c92000 	C:\WINDOWS\System32\win32u.dll
0x00007ffbf5320000 - 0x00007ffbf53be000 	C:\WINDOWS\System32\msvcrt.dll
0x00007ffbf5090000 - 0x00007ffbf50bb000 	C:\WINDOWS\System32\GDI32.dll
0x00007ffbf3640000 - 0x00007ffbf3757000 	C:\WINDOWS\System32\gdi32full.dll
0x00007ffbf3bd0000 - 0x00007ffbf3c6d000 	C:\WINDOWS\System32\msvcp_win.dll
0x00007ffbf4f30000 - 0x00007ffbf4f62000 	C:\WINDOWS\System32\IMM32.DLL
0x00007ffbeedb0000 - 0x00007ffbeedbc000 	C:\Users\Александр\.jdks\corretto-21.0.3\bin\vcruntime140_1.dll
0x00007ffbecbe0000 - 0x00007ffbecc6d000 	C:\Users\Александр\.jdks\corretto-21.0.3\bin\msvcp140.dll
0x00007ffbc1310000 - 0x00007ffbc20a1000 	C:\Users\Александр\.jdks\corretto-21.0.3\bin\server\jvm.dll
0x00007ffbf3f20000 - 0x00007ffbf3fd0000 	C:\WINDOWS\System32\ADVAPI32.dll
0x00007ffbf5b70000 - 0x00007ffbf5c10000 	C:\WINDOWS\System32\sechost.dll
0x00007ffbf4940000 - 0x00007ffbf4a63000 	C:\WINDOWS\System32\RPCRT4.dll
0x00007ffbf3af0000 - 0x00007ffbf3b17000 	C:\WINDOWS\System32\bcrypt.dll
0x00007ffbf4df0000 - 0x00007ffbf4e5b000 	C:\WINDOWS\System32\WS2_32.dll
0x00007ffbf3350000 - 0x00007ffbf339b000 	C:\WINDOWS\SYSTEM32\POWRPROF.dll
0x00007ffbe4640000 - 0x00007ffbe4667000 	C:\WINDOWS\SYSTEM32\WINMM.dll
0x00007ffbedc90000 - 0x00007ffbedc9a000 	C:\WINDOWS\SYSTEM32\VERSION.dll
0x00007ffbf32d0000 - 0x00007ffbf32e2000 	C:\WINDOWS\SYSTEM32\UMPDC.dll
0x00007ffbf1310000 - 0x00007ffbf1322000 	C:\WINDOWS\SYSTEM32\kernel.appcore.dll
0x00007ffbeec50000 - 0x00007ffbeec5a000 	C:\Users\Александр\.jdks\corretto-21.0.3\bin\jimage.dll
0x00007ffbdf0b0000 - 0x00007ffbdf294000 	C:\WINDOWS\SYSTEM32\DBGHELP.DLL
0x00007ffbe1e80000 - 0x00007ffbe1eb4000 	C:\WINDOWS\SYSTEM32\dbgcore.DLL
0x00007ffbf3a60000 - 0x00007ffbf3ae2000 	C:\WINDOWS\System32\bcryptPrimitives.dll
0x00007ffbee710000 - 0x00007ffbee72f000 	C:\Users\Александр\.jdks\corretto-21.0.3\bin\java.dll
0x00007ffbf4030000 - 0x00007ffbf479b000 	C:\WINDOWS\System32\SHELL32.dll
0x00007ffbf1510000 - 0x00007ffbf1cad000 	C:\WINDOWS\SYSTEM32\windows.storage.dll
0x00007ffbf4a80000 - 0x00007ffbf4dd3000 	C:\WINDOWS\System32\combase.dll
0x00007ffbf2dc0000 - 0x00007ffbf2dee000 	C:\WINDOWS\SYSTEM32\Wldp.dll
0x00007ffbf4e60000 - 0x00007ffbf4f2d000 	C:\WINDOWS\System32\OLEAUT32.dll
0x00007ffbf3df0000 - 0x00007ffbf3e9d000 	C:\WINDOWS\System32\SHCORE.dll
0x00007ffbf59e0000 - 0x00007ffbf5a35000 	C:\WINDOWS\System32\shlwapi.dll
0x00007ffbf33a0000 - 0x00007ffbf33c4000 	C:\WINDOWS\SYSTEM32\profapi.dll
0x00007ffbecb00000 - 0x00007ffbecbd7000 	C:\Users\Александр\.jdks\corretto-21.0.3\bin\jsvml.dll
0x00007ffbeec40000 - 0x00007ffbeec50000 	C:\Users\Александр\.jdks\corretto-21.0.3\bin\net.dll
0x00007ffbe32d0000 - 0x00007ffbe33da000 	C:\WINDOWS\SYSTEM32\WINHTTP.dll
0x00007ffbf2b20000 - 0x00007ffbf2b8a000 	C:\WINDOWS\system32\mswsock.dll
0x00007ffbee6c0000 - 0x00007ffbee6d6000 	C:\Users\Александр\.jdks\corretto-21.0.3\bin\nio.dll
0x00007ffbee6e0000 - 0x00007ffbee6f8000 	C:\Users\Александр\.jdks\corretto-21.0.3\bin\zip.dll
0x00007ffb99520000 - 0x00007ffb996ad000 	C:\Users\Александр\.jdks\corretto-21.0.3\bin\awt.dll
0x00007ffbf0d40000 - 0x00007ffbf0dd0000 	C:\WINDOWS\SYSTEM32\apphelp.dll
0x00007ffbf1130000 - 0x00007ffbf115f000 	C:\WINDOWS\system32\DWMAPI.DLL
0x00007ffbf0e60000 - 0x00007ffbf0efe000 	C:\WINDOWS\system32\uxtheme.dll
0x00007ffbc33c0000 - 0x00007ffbc34e5000 	C:\WINDOWS\system32\opengl32.dll
0x00007ffbd54a0000 - 0x00007ffbd54cc000 	C:\WINDOWS\SYSTEM32\GLU32.dll
0x00007ffbf4f70000 - 0x00007ffbf5084000 	C:\WINDOWS\System32\MSCTF.dll
0x00007ffbf50d0000 - 0x00007ffbf51fb000 	C:\WINDOWS\System32\ole32.dll
0x00007ffbc31f0000 - 0x00007ffbc33be000 	C:\WINDOWS\system32\d3d9.dll
0x00007ffbea9b0000 - 0x00007ffbeaa6c000 	C:\WINDOWS\System32\DriverStore\FileRepository\nv_dispig.inf_amd64_7e5fd280efaa5445\nvldumdx.dll
0x00007ffbf2f50000 - 0x00007ffbf2f62000 	C:\WINDOWS\SYSTEM32\msasn1.dll
0x00007ffbea7c0000 - 0x00007ffbea7f1000 	C:\WINDOWS\SYSTEM32\cryptnet.dll
0x00007ffbf34e0000 - 0x00007ffbf363e000 	C:\WINDOWS\System32\CRYPT32.dll
0x00007ffbea670000 - 0x00007ffbea7b7000 	C:\WINDOWS\SYSTEM32\drvstore.dll
0x00007ffbf3140000 - 0x00007ffbf3173000 	C:\WINDOWS\SYSTEM32\devobj.dll
0x00007ffbf3ca0000 - 0x00007ffbf3cee000 	C:\WINDOWS\System32\cfgmgr32.dll
0x00007ffbf2d10000 - 0x00007ffbf2d1c000 	C:\WINDOWS\SYSTEM32\cryptbase.dll
0x00007ffbf3470000 - 0x00007ffbf34d7000 	C:\WINDOWS\System32\wintrust.dll
0x00007ffbf3f00000 - 0x00007ffbf3f1d000 	C:\WINDOWS\System32\imagehlp.dll
0x00007ffbf2d20000 - 0x00007ffbf2d38000 	C:\WINDOWS\SYSTEM32\CRYPTSP.dll
0x00007ffbf2440000 - 0x00007ffbf2474000 	C:\WINDOWS\system32\rsaenh.dll
0x00007ffb96390000 - 0x00007ffb9951b000 	C:\WINDOWS\System32\DriverStore\FileRepository\nv_dispig.inf_amd64_7e5fd280efaa5445\nvd3dumx.dll
0x00007ffbf1cc0000 - 0x00007ffbf1ce3000 	C:\WINDOWS\SYSTEM32\gpapi.dll
0x00007ffbe4450000 - 0x00007ffbe448b000 	C:\WINDOWS\SYSTEM32\dxcore.dll
0x00007ffb96300000 - 0x00007ffb96387000 	C:\Users\Александр\.jdks\corretto-21.0.3\bin\freetype.dll
0x00007ffb96210000 - 0x00007ffb962f2000 	C:\Users\Александр\.jdks\corretto-21.0.3\bin\fontmanager.dll
0x00007ffbec5b0000 - 0x00007ffbec6a9000 	C:\WINDOWS\SYSTEM32\textinputframework.dll
0x00007ffbefff0000 - 0x00007ffbf034b000 	C:\WINDOWS\System32\CoreUIComponents.dll
0x00007ffbf06d0000 - 0x00007ffbf07c2000 	C:\WINDOWS\System32\CoreMessaging.dll
0x00007ffbf24f0000 - 0x00007ffbf2523000 	C:\WINDOWS\SYSTEM32\ntmarta.dll
0x00007ffbef010000 - 0x00007ffbef167000 	C:\WINDOWS\SYSTEM32\wintypes.dll
0x00007ffbf5a40000 - 0x00007ffbf5ae9000 	C:\WINDOWS\System32\clbcatq.dll
0x000000006e700000 - 0x000000006e72d000 	C:\Users\Александр\AppData\Local\Temp\libgdxAlex\2a9d7f76\gdx64.dll
0x00007ffb96190000 - 0x00007ffb9620b000 	C:\Users\Александр\AppData\Local\Temp\lwjgl_Alex\3.3.3+5\x64\lwjgl.dll
0x00007ffb95f20000 - 0x00007ffb96190000 	C:\Users\8523~1\AppData\Local\Temp\lwjgl_Alex\3.3.3+5\x64\jemalloc.dll
0x00007ffb95e90000 - 0x00007ffb95f12000 	C:\Users\8523~1\AppData\Local\Temp\lwjgl_Alex\3.3.3+5\x64\glfw.dll
0x00007ffb95e40000 - 0x00007ffb95e85000 	C:\WINDOWS\SYSTEM32\dinput8.dll
0x00007ffbba930000 - 0x00007ffbba941000 	C:\WINDOWS\SYSTEM32\xinput1_4.dll
0x00007ffbec450000 - 0x00007ffbec5a2000 	C:\WINDOWS\SYSTEM32\inputhost.dll
0x00007ffbee3c0000 - 0x00007ffbee4b6000 	C:\WINDOWS\SYSTEM32\PROPSYS.dll
0x00007ffb95c70000 - 0x00007ffb95e37000 	C:\Users\8523~1\AppData\Local\Temp\lwjgl_Alex\3.3.3+5\x64\OpenAL.dll
0x00007ffbed220000 - 0x00007ffbed2a5000 	C:\WINDOWS\System32\MMDevApi.dll
0x00007ffbd2ee0000 - 0x00007ffbd3061000 	C:\WINDOWS\SYSTEM32\AUDIOSES.DLL
0x00007ffbf0e40000 - 0x00007ffbf0e54000 	C:\WINDOWS\SYSTEM32\resourcepolicyclient.dll
0x00007ffbed2b0000 - 0x00007ffbed3b3000 	C:\Windows\System32\AppXDeploymentClient.dll
0x00007ffb919e0000 - 0x00007ffb95c6a000 	C:\WINDOWS\System32\DriverStore\FileRepository\nv_dispig.inf_amd64_7e5fd280efaa5445\nvoglv64.dll
0x00007ffbf5570000 - 0x00007ffbf59de000 	C:\WINDOWS\System32\SETUPAPI.dll
0x00007ffbee800000 - 0x00007ffbee814000 	C:\WINDOWS\SYSTEM32\WTSAPI32.dll
0x00007ffbf3240000 - 0x00007ffbf329b000 	C:\WINDOWS\SYSTEM32\WINSTA.dll
0x00007ffb91980000 - 0x00007ffb919de000 	C:\Users\Александр\AppData\Local\Temp\lwjgl_Alex\3.3.3+5\x64\lwjgl_opengl.dll

dbghelp: loaded successfully - version: 4.0.5 - missing functions: none
symbol engine: initialized successfully - sym options: 0x614 - pdb path: .;C:\Users\Александр\.jdks\corretto-21.0.3\bin;C:\WINDOWS\SYSTEM32;C:\WINDOWS\WinSxS\amd64_microsoft.windows.common-controls_6595b64144ccf1df_6.0.19041.4355_none_60b8b9eb71f62e16;C:\Users\Александр\.jdks\corretto-21.0.3\bin\server;C:\WINDOWS\System32\DriverStore\FileRepository\nv_dispig.inf_amd64_7e5fd280efaa5445;C:\Users\Александр\AppData\Local\Temp\libgdxAlex\2a9d7f76;C:\Users\Александр\AppData\Local\Temp\lwjgl_Alex\3.3.3+5\x64;C:\Users\8523~1\AppData\Local\Temp\lwjgl_Alex\3.3.3+5\x64

VM Arguments:
jvm_args: -Dfile.encoding=windows-1251 -Duser.country=RU -Duser.language=ru -Duser.variant 
java_command: com.mygdx.trlgproject.DesktopLauncher
java_class_path (initial): C:\111\test\desktop\build\classes\java\main;C:\111\test\desktop\build\resources\main;C:\Users\Александр\.gradle\caches\modules-2\files-2.1\com.badlogicgames.gdx\gdx-backend-lwjgl3\1.12.1\12a144cacb34f0392cd8354f798d99e4836a51a8\gdx-backend-lwjgl3-1.12.1.jar;C:\Users\Александр\.gradle\caches\modules-2\files-2.1\com.badlogicgames.gdx\gdx-platform\1.12.1\5737be5ce3a4e8f9f77c2d9ab95ab479f9c3705f\gdx-platform-1.12.1-natives-desktop.jar;C:\111\test\core\build\libs\core-1.0.jar;C:\Users\Александр\.gradle\caches\modules-2\files-2.1\com.badlogicgames.ashley\ashley\1.7.4\21a3a8932919099c4e5006a7d8378dcbe76ef8a5\ashley-1.7.4.jar;C:\Users\Александр\.gradle\caches\modules-2\files-2.1\com.badlogicgames.gdx\gdx-ai\1.8.2\ab75d2ce80ab1b1ce6828a15dc0f417abac4c674\gdx-ai-1.8.2.jar;C:\Users\Александр\.gradle\caches\modules-2\files-2.1\com.badlogicgames.gdx\gdx\1.12.1\a2d066c09329c457045c284c42d6f37122840aa\gdx-1.12.1.jar;C:\Users\Александр\.gradle\caches\modules-2\files-2.1\org.lwjgl\lwjgl-glfw\3.3.3\efa1eb78c5ccd840e9f329717109b5e892d72f8e\lwjgl-glfw-3.3.3.jar;C:\Users\Александр\.gradle\caches\modules-2\files-2.1\org.lwjgl\lwjgl-glfw\3.3.3\a03684c5e4b1b1dbbe0d29dbbdc27b985b6840f2\lwjgl-glfw-3.3.3-natives-linux.jar;C:\Users\Александр\.gradle\caches\modules-2\files-2.1\org.lwjgl\lwjgl-glfw\3.3.3\d9af485c32545b37dd5359b163161d42d7534dcf\lwjgl-glfw-3.3.3-natives-linux-arm32.jar;C:\Users\Александр\.gradle\caches\modules-2\files-2.1\org.lwjgl\lwjgl-glfw\3.3.3\492a0f11f85b85899a6568f07511160c1b87cd38\lwjgl-glfw-3.3.3-natives-linux-arm64.jar;C:\Users\Александр\.gradle\caches\modules-2\files-2.1\org.lwjgl\lwjgl-glfw\3.3.3\a1bf400f6bc64e6195596cb1430dafda46090751\lwjgl-glfw-3.3.3-natives-macos.jar;C:\Users\Александр\.gradle\caches\modules-2\files-2.1\org.lwjgl\lwjgl-glfw\3.3.3\ee8cc78d0a4a5b3b4600fade6d927c9fc320c858\lwjgl-glfw-3.3.3-natives-macos-arm64.jar;C:\Users\Александр\.gradle\caches\modules-2\files-2.1\org.lwjgl\lwjgl-glfw\3.3.3\e449e28b4891fc423c54c85fbc5bb0b9efece67a\lwjgl-glfw-3.3.3-natives-windows.jar;C:\Users\Александр\.gradle\caches\modules-2\files-2.1\org.lwjgl\lwjgl-glfw\3.3.3\32334f3fd5270a59bad9939a93115acb6de36dcf\lwjgl-glfw-3.3.3-natives-windows-x86.jar;C:\Users\Александр\.gradle\caches\modules-2\files-2.1\org.lwjgl\lwjgl-jemalloc\3.3.3\b543467b7ff3c6920539a88ee602d34098628be5\lwjgl-jemalloc-3.3.3.jar;C:\Users\Александр\.gradle\caches\modules-2\files-2.1\org.lwjgl\lwjgl-jemalloc\3.3.3\4f86728bf449b1dd61251c4e0ac01df1389cb51e\lwjgl-jemalloc-3.3.3-natives-linux.jar;C:\Users\Александр\.gradle\caches\modules-2\files-2.1\org.lwjgl\lwjgl-jemalloc\3.3.3\109b6931880d02d4e65ced38928a16e41d19873e\lwjgl-jemalloc-3.3.3-natives-linux-arm32.jar;C:\Users\Александр\.gradle\caches\modules-2\files-2.1\org.lwjgl\lwjgl-jemalloc\3.3.3\eff8b86798191192fe2cba2dc2776109f30c239d\lwjgl-jemalloc-3.3.3-natives-linux-arm64.jar;C:\Users\Александр\.gradle\caches\modules-2\files-2.1\org.lwjgl\lwjgl-jemalloc\3.3.3\2906637657a57579847238c9c72d2c4bde7083f8\lwjgl-jemalloc-3.3.3-natives-macos.jar;C:\Users\Александр\.gradle\caches\modules-2\files-2.1\org.lwjgl\lwjgl-jemalloc\3.3.3\e9412c3ff8cb3a3bad1d3f52909ad74d8a5bdad1\lwjgl-jemalloc-3.3.3-natives-macos-arm64.jar;C:\Users\Александр\.gradle\caches\modules-2\files-2.1\org.lwjgl\lwjgl-jemalloc\3.3.3\426222fc027602a5f21b9c0fe79cde6a4c7a011f\lwjgl-jemalloc-3.3.3-natives-windows.jar;C:\Users\Александр\.gradle\caches\modules-2\files-2.1\org.lwjgl\lwjgl-jemalloc\3.3.3\f6063b6e0f23be483c5c88d84ce51b39dc69126c\lwjgl-jemalloc-3.3.3-natives-windows-x86.jar;C:\Users\Александр\.gradle\caches\modules-2\files-2.1\org.lwjgl\lwjgl-openal\3.3.3\daada81ceb5fc0c291fbfdd4433cb8d9423577f2\lwjgl-openal-3.3.3.jar;C:\Users\Александр\.gradle\caches\modules-2\files-2.1\org.lwjgl\lwjgl-openal\3.3.3\3037360cc4595079bea240af250b6d1a527e0905\lwjgl-openal-3.3.3-natives-linux.jar;C:\Users\Александр\.gradle\caches\modules-2\files-2.1\org.lwjgl\lwjgl-openal\3.3.3\e1702aa09d20359d6cf5cb2999fa7685a785eca7\lwjgl-openal-3.3.3-natives-linux-arm32.jar;C:\Users\Александр\.gradle\caches\modules-2\files-2.1\org.lwjgl\lwjgl-openal\3.3.3\ad8f302118a65bb8d615f8a2a680db58fb8f835e\lwjgl-openal-3.3.3-natives-linux-arm64.jar;C:\Users\Александр\.gradle\caches\modules-2\files-2.1\org.lwjgl\lwjgl-openal\3.3.3\8df8338bfa77f2ebabef4e58964bd04d24805cbf\lwjgl-openal-3.3.3-natives-macos.jar;C:\Users\Александр\.gradle\caches\modules-2\files-2.1\org.lwjgl\lwjgl-openal\3.3.3\c78b078de2fb52f45aa55d04db889a560f3544f\lwjgl-openal-3.3.3-natives-macos-arm64.jar;C:\Users\Александр\.gradle\caches\modules-2\files-2.1\org.lwjgl\lwjgl-openal\3.3.3\cf83862ae95d98496b26915024c7e666d8ab1c8f\lwjgl-openal-3.3.3-natives-windows.jar;C:\Users\Александр\.gradle\caches\modules-2\files-2.1\org.lwjgl\lwjgl-openal\3.3.3\87b8d5050e3adb46bb58fe1cb2669a4a48fce10d\lwjgl-openal-3.3.3-natives-windows-x86.jar;C:\Users\Александр\.gradle\caches\modules-2\files-2.1\org.lwjgl\lwjgl-opengl\3.3.3\2f6b0147078396a58979125a4c947664e98293a\lwjgl-opengl-3.3.3.jar;C:\Users\Александр\.gradle\caches\modules-2\files-2.1\org.lwjgl\lwjgl-opengl\3.3.3\62c70a4b00ca5391882b0f4b787c1588d24f1c86\lwjgl-opengl-3.3.3-natives-linux.jar;C:\Users\Александр\.gradle\caches\modules-2\files-2.1\org.lwjgl\lwjgl-opengl\3.3.3\dbba17fc5ac0985d14a57c11f9537617d67b9952\lwjgl-opengl-3.3.3-natives-linux-arm32.jar;C:\Users\Александр\.gradle\caches\modules-2\files-2.1\org.lwjgl\lwjgl-opengl\3.3.3\2096f6b94b2d68745d858fbfe53aacf5f0c8074c\lwjgl-opengl-3.3.3-natives-linux-arm64.jar;C:\Users\Александр\.gradle\caches\modules-2\files-2.1\org.lwjgl\lwjgl-opengl\3.3.3\1bd45997551ae8a28469f3a2b678f4b7289e12c0\lwjgl-opengl-3.3.3-natives-macos.jar;C:\Users\Александр\.gradle\caches\modules-2\files-2.1\org.lwjgl\lwjgl-opengl\3.3.3\d213ddef27637b1af87961ffa94d6b27036becc8\lwjgl-opengl-3.3.3-natives-macos-arm64.jar;C:\Users\Александр\.gradle\caches\modules-2\files-2.1\org.lwjgl\lwjgl-opengl\3.3.3\e6c1eec8be8a71951b830a4d69efc01c6531900c\lwjgl-opengl-3.3.3-natives-windows.jar;C:\Users\Александр\.gradle\caches\modules-2\files-2.1\org.lwjgl\lwjgl-opengl\3.3.3\d32d833dcaa2f355a886eaf21f0408b5f03241d\lwjgl-opengl-3.3.3-natives-windows-x86.jar;C:\Users\Александр\.gradle\caches\modules-2\files-2.1\org.lwjgl\lwjgl-stb\3.3.3\25dd6161988d7e65f71d5065c99902402ee32746\lwjgl-stb-3.3.3.jar;C:\Users\Александр\.gradle\caches\modules-2\files-2.1\org.lwjgl\lwjgl-stb\3.3.3\fd1271ccd9d85eff2fa31f3fd543e02ccfaf5041\lwjgl-stb-3.3.3-natives-linux.jar;C:\Users\Александр\.gradle\caches\modules-2\files-2.1\org.lwjgl\lwjgl-stb\3.3.3\1ae28ff044699ff29b0e980ffabd73fba8a664b3\lwjgl-stb-3.3.3-natives-linux-arm32.jar;C:\Users\Александр\.gradle\caches\modules-2\files-2.1\org.lwjgl\lwjgl-stb\3.3.3\ddc177afc2be1ee8d93684b11363b80589a13fe1\lwjgl-stb-3.3.3-natives-linux-arm64.jar;C:\Users\Александр\.gradle\caches\modules-2\files-2.1\org.lwjgl\lwjgl-stb\3.3.3\472792c98fb2c1557c060cb9da5fca6a9773621f\lwjgl-stb-3.3.3-natives-macos.jar;C:\Users\Александр\.gradle\caches\modules-2\files-2.1\org.lwjgl\lwjgl-stb\3.3.3\51c6955571fbcdb7bb538c6aa589b953b584c6af\lwjgl-stb-3.3.3-natives-macos-arm64.jar;C:\Users\Александр\.gradle\caches\modules-2\files-2.1\org.lwjgl\lwjgl-stb\3.3.3\1d9facdf6541de114b0f963be33505b7679c78cb\lwjgl-stb-3.3.3-natives-windows.jar;C:\Users\Александр\.gradle\caches\modules-2\files-2.1\org.lwjgl\lwjgl-stb\3.3.3\b5c874687b9aac1a936501d4ed2c49567fd1b575\lwjgl-stb-3.3.3-natives-windows-x86.jar;C:\Users\Александр\.gradle\caches\modules-2\files-2.1\org.lwjgl\lwjgl\3.3.3\29589b5f87ed335a6c7e7ee6a5775f81f97ecb84\lwjgl-3.3.3.jar;C:\Users\Александр\.gradle\caches\modules-2\files-2.1\org.lwjgl\lwjgl\3.3.3\1713758e3660ba66e1e954396fd18126038b33c0\lwjgl-3.3.3-natives-linux.jar;C:\Users\Александр\.gradle\caches\modules-2\files-2.1\org.lwjgl\lwjgl\3.3.3\2075c51a80f0ef0f22ba616ba54007ac2b0debd4\lwjgl-3.3.3-natives-linux-arm32.jar;C:\Users\Александр\.gradle\caches\modules-2\files-2.1\org.lwjgl\lwjgl\3.3.3\f35d8b6ffe1ac1e3a5eb1d4e33de80f044ad5fd8\lwjgl-3.3.3-natives-linux-arm64.jar;C:\Users\Александр\.gradle\caches\modules-2\files-2.1\org.lwjgl\lwjgl\3.3.3\33a6efa288390490ce6eb6c3df47ac21ecf648cf\lwjgl-3.3.3-natives-macos.jar;C:\Users\Александр\.gradle\caches\modules-2\files-2.1\org.lwjgl\lwjgl\3.3.3\226246e75f6bd8d4e1895bdce8638ef87808d114\lwjgl-3.3.3-natives-macos-arm64.jar;C:\Users\Александр\.gradle\caches\modules-2\files-2.1\org.lwjgl\lwjgl\3.3.3\a5ed18a2b82fc91b81f40d717cb1f64c9dcb0540\lwjgl-3.3.3-natives-windows.jar;C:\Users\Александр\.gradle\caches\modules-2\files-2.1\org.lwjgl\lwjgl\3.3.3\9e670718e050aeaeea0c2d5b907cffb142f2e58f\lwjgl-3.3.3-natives-windows-x86.jar;C:\Users\Александр\.gradle\caches\modules-2\files-2.1\com.badlogicgames.jlayer\jlayer\1.0.1-gdx\7cca83cec5c1b2f011362f4d85aabd71a73b049d\jlayer-1.0.1-gdx.jar;C:\Users\Александр\.gradle\caches\modules-2\files-2.1\org.jcraft\jorbis\0.0.17\8872d22b293e8f5d7d56ff92be966e6dc28ebdc6\jorbis-0.0.17.jar;C:\Users\Александр\.gradle\caches\modules-2\files-2.1\com.badlogicgames.gdx\gdx-jnigen-loader\2.3.1\2d472f69243631fbcb3d4c3f93dd2e137a6cb084\gdx-jnigen-loader-2.3.1.jar
Launcher Type: SUN_STANDARD

[Global flags]
     intx CICompilerCount                          = 3                                         {product} {ergonomic}
     uint ConcGCThreads                            = 1                                         {product} {ergonomic}
     uint G1ConcRefinementThreads                  = 4                                         {product} {ergonomic}
   size_t G1HeapRegionSize                         = 1048576                                   {product} {ergonomic}
    uintx GCDrainStackTargetSize                   = 64                                        {product} {ergonomic}
   size_t InitialHeapSize                          = 134217728                                 {product} {ergonomic}
   size_t MarkStackSize                            = 4194304                                   {product} {ergonomic}
   size_t MaxHeapSize                              = 2139095040                                {product} {ergonomic}
   size_t MaxNewSize                               = 1283457024                                {product} {ergonomic}
   size_t MinHeapDeltaBytes                        = 1048576                                   {product} {ergonomic}
   size_t MinHeapSize                              = 8388608                                   {product} {ergonomic}
    uintx NonNMethodCodeHeapSize                   = 5832780                                {pd product} {ergonomic}
    uintx NonProfiledCodeHeapSize                  = 122912730                              {pd product} {ergonomic}
    uintx ProfiledCodeHeapSize                     = 122912730                              {pd product} {ergonomic}
    uintx ReservedCodeCacheSize                    = 251658240                              {pd product} {ergonomic}
     bool SegmentedCodeCache                       = true                                      {product} {ergonomic}
   size_t SoftMaxHeapSize                          = 2139095040                             {manageable} {ergonomic}
     bool UseCompressedOops                        = true                           {product lp64_product} {ergonomic}
     bool UseG1GC                                  = true                                      {product} {ergonomic}
     bool UseLargePagesIndividualAllocation        = false                                  {pd product} {ergonomic}

Logging:
Log output configuration:
 #0: stdout all=warning uptime,level,tags foldmultilines=false
 #1: stderr all=off uptime,level,tags foldmultilines=false

Environment Variables:
PATH=C:\Program Files (x86)\NVIDIA Corporation\PhysX\Common;C:\ProgramData\Oracle\Java\javapath;C:\WINDOWS\system32;C:\WINDOWS;C:\WINDOWS\System32\Wbem;C:\WINDOWS\System32\WindowsPowerShell\v1.0\;C:\WINDOWS\System32\OpenSSH\;C:\Program Files\dotnet\;C:\Program Files\010 Editor;C:\Program Files\Git\bin;C:\Users\Александр\AppData\Local\Microsoft\WindowsApps;C:\Users\Александр\.dotnet\tools;C:\Users\Александр\AppData\Local\Programs\Microsoft VS Code\bin;C:\Program Files\JetBrains\PyCharm Community Edition 2024.1\bin;;C:\Users\Александр\AppData\Local\GitHubDesktop\bin
USERNAME=Alex
OS=Windows_NT
PROCESSOR_IDENTIFIER=Intel64 Family 6 Model 158 Stepping 9, GenuineIntel
TMP=C:\Users\8523~1\AppData\Local\Temp
TEMP=C:\Users\8523~1\AppData\Local\Temp




Periodic native trim disabled

---------------  S Y S T E M  ---------------

OS:
 Windows 10 , 64 bit Build 19041 (10.0.19041.3636)
OS uptime: 0 days 18:07 hours

CPU: total 4 (initial active 4) (2 cores per cpu, 2 threads per core) family 6 model 158 stepping 9 microcode 0xb4, cx8, cmov, fxsr, ht, mmx, 3dnowpref, sse, sse2, sse3, ssse3, sse4.1, sse4.2, popcnt, lzcnt, tsc, tscinvbit, avx, avx2, aes, erms, clmul, bmi1, bmi2, adx, fma, vzeroupper, clflush, clflushopt, rdtscp, f16c
Processor Information for all 4 processors :
  Max Mhz: 3912, Current Mhz: 3912, Mhz Limit: 3912

Memory: 4k page, system-wide physical 8156M (710M free)
TotalPageFile size 14556M (AvailPageFile size 3091M)
current process WorkingSet (physical memory assigned to process): 213M, peak: 230M
current process commit charge ("private bytes"): 398M, peak: 416M

vm_info: OpenJDK 64-Bit Server VM (21.0.3+9-LTS) for windows-amd64 JRE (21.0.3+9-LTS), built on 2024-04-10T19:10:39Z by "Administrator" with MS VC++ 16.10 / 16.11 (VS2019)

END.
